<?xml version="1.0" encoding="UTF-8"?>
<!-- Generated by org.testng.reporters.JUnitReportReporter -->
<testsuite hostname="aaebbbcdbbecbadfdbcfacbbcbfbcabbadf-0" failures="0" tests="1" name="com.example.AppTest" time="0.010" errors="0" timestamp="2023-06-10T13:25:11 UTC" skipped="0">
  <testcase classname="com.example.AppTest" name="shouldAnswerWithTrue" time="0.010"/>
  <system-out/>
</testsuite> <!-- com.example.AppTest -->
