<?xml version="1.0" encoding="UTF-8" ?>
<testsuite tests="30" failures="0" name="testRunner.CreateBrandTest" time="0.545" errors="0" skipped="16">
  <properties>
    <property name="java.runtime.name" value="OpenJDK Runtime Environment"/>
    <property name="java.vm.version" value="11.0.18+10-post-Debian-1deb11u1"/>
    <property name="sun.boot.library.path" value="/usr/lib/jvm/java-11-openjdk-amd64/lib"/>
    <property name="maven.multiModuleProjectDirectory" value="/home/coder/project/workspace/cucumberapp"/>
    <property name="java.vm.vendor" value="Debian"/>
    <property name="java.vendor.url" value="https://tracker.debian.org/openjdk-11"/>
    <property name="guice.disable.misplaced.annotation.check" value="true"/>
    <property name="path.separator" value=":"/>
    <property name="java.vm.name" value="OpenJDK 64-Bit Server VM"/>
    <property name="sun.os.patch.level" value="unknown"/>
    <property name="user.country" value="US"/>
    <property name="sun.java.launcher" value="SUN_STANDARD"/>
    <property name="java.vm.specification.name" value="Java Virtual Machine Specification"/>
    <property name="user.dir" value="/home/coder/project/workspace/cucumberapp"/>
    <property name="java.vm.compressedOopsMode" value="32-bit"/>
    <property name="java.runtime.version" value="11.0.18+10-post-Debian-1deb11u1"/>
    <property name="java.awt.graphicsenv" value="sun.awt.X11GraphicsEnvironment"/>
    <property name="os.arch" value="amd64"/>
    <property name="java.io.tmpdir" value="/tmp"/>
    <property name="line.separator" value="
"/>
    <property name="java.vm.specification.vendor" value="Oracle Corporation"/>
    <property name="os.name" value="Linux"/>
    <property name="classworlds.conf" value="/usr/share/maven/bin/m2.conf"/>
    <property name="sun.jnu.encoding" value="UTF-8"/>
    <property name="java.library.path" value="/usr/java/packages/lib:/usr/lib/x86_64-linux-gnu/jni:/lib/x86_64-linux-gnu:/usr/lib/x86_64-linux-gnu:/usr/lib/jni:/lib:/usr/lib"/>
    <property name="maven.conf" value="/usr/share/maven/conf"/>
    <property name="jdk.debug" value="release"/>
    <property name="java.class.version" value="55.0"/>
    <property name="java.specification.name" value="Java Platform API Specification"/>
    <property name="sun.management.compiler" value="HotSpot 64-Bit Tiered Compilers"/>
    <property name="os.version" value="5.10.162+"/>
    <property name="library.jansi.path" value="/usr/share/maven/lib/jansi-native"/>
    <property name="user.home" value="/home/coder"/>
    <property name="user.timezone" value="Etc/UTC"/>
    <property name="java.awt.printerjob" value="sun.print.PSPrinterJob"/>
    <property name="file.encoding" value="UTF-8"/>
    <property name="java.specification.version" value="11"/>
    <property name="user.name" value="coder"/>
    <property name="java.class.path" value="/usr/share/maven/boot/plexus-classworlds-2.x.jar"/>
    <property name="java.vm.specification.version" value="11"/>
    <property name="sun.arch.data.model" value="64"/>
    <property name="sun.java.command" value="org.codehaus.plexus.classworlds.launcher.Launcher clean test"/>
    <property name="java.home" value="/usr/lib/jvm/java-11-openjdk-amd64"/>
    <property name="user.language" value="en"/>
    <property name="java.specification.vendor" value="Oracle Corporation"/>
    <property name="awt.toolkit" value="sun.awt.X11.XToolkit"/>
    <property name="java.vm.info" value="mixed mode, sharing"/>
    <property name="java.version" value="11.0.18"/>
    <property name="java.vendor" value="Debian"/>
    <property name="maven.home" value="/usr/share/maven"/>
    <property name="file.separator" value="/"/>
    <property name="java.version.date" value="2023-01-17"/>
    <property name="java.vendor.url.bug" value="https://bugs.debian.org/openjdk-11"/>
    <property name="sun.io.unicode.encoding" value="UnicodeLittle"/>
    <property name="sun.cpu.endian" value="little"/>
    <property name="sun.cpu.isalist" value=""/>
  </properties>
  <testcase classname="Scenario: Verify the Brand Name in Create Brand" name="Given admin launch the browser" time="0"/>
  <testcase classname="Scenario: Verify the Brand Name in Create Brand" name="When admin opens url &quot;https://carrental.neohire.io/admin/&quot;" time="0"/>
  <testcase classname="Scenario: Verify the Brand Name in Create Brand" name="Then admin should able to see the admin signin page" time="0"/>
  <testcase classname="Scenario: Verify the Brand Name in Create Brand" name="When admin enters username as &quot;admin&quot;  and password as &quot;Test@12345&quot;" time="0"/>
  <testcase classname="Scenario: Verify the Brand Name in Create Brand" name="And click on login" time="0"/>
  <testcase classname="Scenario: Verify the Brand Name in Create Brand" name="Then admin should able to view car rental portal | admin panel" time="0"/>
  <testcase classname="Scenario: Verify the Brand Name in Create Brand" name="When admin click on Brands" time="0.001">
    <skipped/>
  </testcase>
  <testcase classname="Scenario: Verify the Brand Name in Create Brand" name="And click on Create Brand" time="0.001">
    <skipped/>
  </testcase>
  <testcase classname="Scenario: Verify the Brand Name in Create Brand" name="Then admin will navigates to create Brand Page" time="0.001">
    <skipped/>
  </testcase>
  <testcase classname="Scenario: Verify the Brand Name in Create Brand" name="When admin enter Brand name in the text field" time="0.003">
    <skipped/>
    <system-out>
  Background:                                                           &amp;#27;[90m# src/test/resources/Features/Createbrand.feature:3&amp;#27;[0m
    &amp;#27;[32mGiven &amp;#27;[0m&amp;#27;[32madmin launch the browser&amp;#27;[0m                                      &amp;#27;[90m# Stepdefinition.admin_launch_the_browser()&amp;#27;[0m
    &amp;#27;[32mWhen &amp;#27;[0m&amp;#27;[32madmin opens url &quot;&amp;#27;[0m&amp;#27;[32m&amp;#27;[1mhttps://carrental.neohire.io/admin/&amp;#27;[0m&amp;#27;[32m&quot;&amp;#27;[0m          &amp;#27;[90m# Stepdefinition.admin_opens_url(String)&amp;#27;[0m
    &amp;#27;[32mThen &amp;#27;[0m&amp;#27;[32madmin should able to see the admin signin page&amp;#27;[0m                 &amp;#27;[90m# Stepdefinition.admin_should_able_to_see_the_admin_signin_page()&amp;#27;[0m
    &amp;#27;[32mWhen &amp;#27;[0m&amp;#27;[32madmin enters username as &quot;&amp;#27;[0m&amp;#27;[32m&amp;#27;[1madmin&amp;#27;[0m&amp;#27;[32m&quot;  and password as &quot;&amp;#27;[0m&amp;#27;[32m&amp;#27;[1mTest@12345&amp;#27;[0m&amp;#27;[32m&quot;&amp;#27;[0m &amp;#27;[90m# Stepdefinition.admin_enters_username_as_and_password_as(String,String)&amp;#27;[0m
    &amp;#27;[32mAnd &amp;#27;[0m&amp;#27;[32mclick on login&amp;#27;[0m                                                  &amp;#27;[90m# Stepdefinition.click_on_login()&amp;#27;[0m
    &amp;#27;[32mThen &amp;#27;[0m&amp;#27;[32madmin should able to view car rental portal | admin panel&amp;#27;[0m      &amp;#27;[90m# Stepdefinition.admin_should_able_to_view_car_rental_portal_admin_panel()&amp;#27;[0m
    &amp;#27;[33mWhen &amp;#27;[0m&amp;#27;[33madmin click on Brands&amp;#27;[0m
    &amp;#27;[33mAnd &amp;#27;[0m&amp;#27;[33mclick on Create Brand&amp;#27;[0m
    &amp;#27;[33mThen &amp;#27;[0m&amp;#27;[33madmin will navigates to create Brand Page&amp;#27;[0m
</system-out>
  </testcase>
  <testcase classname="Scenario: Verify the Brand Name in Create Brand" name="And admin click on Submit button" time="0.004">
    <skipped/>
  </testcase>
  <testcase classname="Scenario: Verify the Brand Name in Create Brand" name="Then Success message will be displayed" time="0.004">
    <skipped/>
  </testcase>
  <testcase classname="Scenario: Verify the Brand Name in Create Brand" name="When admin navigates to &quot;https://carrental.neohire.io/car-listing.php&quot;" time="0.004">
    <skipped/>
  </testcase>
  <testcase classname="Scenario: Verify the Brand Name in Create Brand" name="And click on select brand dropdown menu" time="0.005">
    <skipped/>
  </testcase>
  <testcase classname="Scenario: Verify the Brand Name in Create Brand" name="Then verify the brand name" time="0.005">
    <skipped/>
  </testcase>
  <testcase classname="Scenario: Verify the Brand Name in Create Brand" name="Scenario: Verify the Brand Name in Create Brand" time="0.149">
    <skipped/>
  </testcase>
  <testcase classname="Scenario: Verify the Brand Name in Create Brand" name="Scenario: Verify the Brand Name in Create Brand" time="0.149"/>
  <testcase classname="Scenario: Verify the Empty Brand Name in Create Brand" name="Given admin launch the browser" time="0"/>
  <testcase classname="Scenario: Verify the Empty Brand Name in Create Brand" name="When admin opens url &quot;https://carrental.neohire.io/admin/&quot;" time="0"/>
  <testcase classname="Scenario: Verify the Empty Brand Name in Create Brand" name="Then admin should able to see the admin signin page" time="0"/>
  <testcase classname="Scenario: Verify the Empty Brand Name in Create Brand" name="When admin enters username as &quot;admin&quot;  and password as &quot;Test@12345&quot;" time="0"/>
  <testcase classname="Scenario: Verify the Empty Brand Name in Create Brand" name="And click on login" time="0"/>
  <testcase classname="Scenario: Verify the Empty Brand Name in Create Brand" name="Then admin should able to view car rental portal | admin panel" time="0"/>
  <testcase classname="Scenario: Verify the Empty Brand Name in Create Brand" name="When admin click on Brands" time="0">
    <skipped/>
  </testcase>
  <testcase classname="Scenario: Verify the Empty Brand Name in Create Brand" name="And click on Create Brand" time="0">
    <skipped/>
  </testcase>
  <testcase classname="Scenario: Verify the Empty Brand Name in Create Brand" name="Then admin will navigates to create Brand Page" time="0">
    <skipped/>
  </testcase>
  <testcase classname="Scenario: Verify the Empty Brand Name in Create Brand" name="When admin click on Submit button" time="0.002">
    <skipped/>
    <system-out>
  Background:                                                           &amp;#27;[90m# src/test/resources/Features/Createbrand.feature:3&amp;#27;[0m
    &amp;#27;[32mGiven &amp;#27;[0m&amp;#27;[32madmin launch the browser&amp;#27;[0m                                      &amp;#27;[90m# Stepdefinition.admin_launch_the_browser()&amp;#27;[0m
    &amp;#27;[32mWhen &amp;#27;[0m&amp;#27;[32madmin opens url &quot;&amp;#27;[0m&amp;#27;[32m&amp;#27;[1mhttps://carrental.neohire.io/admin/&amp;#27;[0m&amp;#27;[32m&quot;&amp;#27;[0m          &amp;#27;[90m# Stepdefinition.admin_opens_url(String)&amp;#27;[0m
    &amp;#27;[32mThen &amp;#27;[0m&amp;#27;[32madmin should able to see the admin signin page&amp;#27;[0m                 &amp;#27;[90m# Stepdefinition.admin_should_able_to_see_the_admin_signin_page()&amp;#27;[0m
    &amp;#27;[32mWhen &amp;#27;[0m&amp;#27;[32madmin enters username as &quot;&amp;#27;[0m&amp;#27;[32m&amp;#27;[1madmin&amp;#27;[0m&amp;#27;[32m&quot;  and password as &quot;&amp;#27;[0m&amp;#27;[32m&amp;#27;[1mTest@12345&amp;#27;[0m&amp;#27;[32m&quot;&amp;#27;[0m &amp;#27;[90m# Stepdefinition.admin_enters_username_as_and_password_as(String,String)&amp;#27;[0m
    &amp;#27;[32mAnd &amp;#27;[0m&amp;#27;[32mclick on login&amp;#27;[0m                                                  &amp;#27;[90m# Stepdefinition.click_on_login()&amp;#27;[0m
    &amp;#27;[32mThen &amp;#27;[0m&amp;#27;[32madmin should able to view car rental portal | admin panel&amp;#27;[0m      &amp;#27;[90m# Stepdefinition.admin_should_able_to_view_car_rental_portal_admin_panel()&amp;#27;[0m
    &amp;#27;[33mWhen &amp;#27;[0m&amp;#27;[33madmin click on Brands&amp;#27;[0m
    &amp;#27;[33mAnd &amp;#27;[0m&amp;#27;[33mclick on Create Brand&amp;#27;[0m
    &amp;#27;[33mThen &amp;#27;[0m&amp;#27;[33madmin will navigates to create Brand Page&amp;#27;[0m
</system-out>
  </testcase>
  <testcase classname="Scenario: Verify the Empty Brand Name in Create Brand" name="Then alert message will be displayed" time="0.002">
    <skipped/>
  </testcase>
  <testcase classname="Scenario: Verify the Empty Brand Name in Create Brand" name="Scenario: Verify the Empty Brand Name in Create Brand" time="0.107">
    <skipped/>
  </testcase>
  <testcase classname="Scenario: Verify the Empty Brand Name in Create Brand" name="Scenario: Verify the Empty Brand Name in Create Brand" time="0.108"/>
</testsuite>