<?xml version="1.0" encoding="UTF-8" ?>
<testsuite tests="53" failures="0" name="testRunner.AdminLoginTest" time="1.688" errors="0" skipped="41">
  <properties>
    <property name="java.runtime.name" value="OpenJDK Runtime Environment"/>
    <property name="java.vm.version" value="11.0.18+10-post-Debian-1deb11u1"/>
    <property name="sun.boot.library.path" value="/usr/lib/jvm/java-11-openjdk-amd64/lib"/>
    <property name="maven.multiModuleProjectDirectory" value="/home/coder/project/workspace/cucumberapp"/>
    <property name="java.vm.vendor" value="Debian"/>
    <property name="java.vendor.url" value="https://tracker.debian.org/openjdk-11"/>
    <property name="guice.disable.misplaced.annotation.check" value="true"/>
    <property name="path.separator" value=":"/>
    <property name="java.vm.name" value="OpenJDK 64-Bit Server VM"/>
    <property name="sun.os.patch.level" value="unknown"/>
    <property name="user.country" value="US"/>
    <property name="sun.java.launcher" value="SUN_STANDARD"/>
    <property name="java.vm.specification.name" value="Java Virtual Machine Specification"/>
    <property name="user.dir" value="/home/coder/project/workspace/cucumberapp"/>
    <property name="java.vm.compressedOopsMode" value="32-bit"/>
    <property name="java.runtime.version" value="11.0.18+10-post-Debian-1deb11u1"/>
    <property name="java.awt.graphicsenv" value="sun.awt.X11GraphicsEnvironment"/>
    <property name="os.arch" value="amd64"/>
    <property name="java.io.tmpdir" value="/tmp"/>
    <property name="line.separator" value="
"/>
    <property name="java.vm.specification.vendor" value="Oracle Corporation"/>
    <property name="os.name" value="Linux"/>
    <property name="classworlds.conf" value="/usr/share/maven/bin/m2.conf"/>
    <property name="sun.jnu.encoding" value="UTF-8"/>
    <property name="java.library.path" value="/usr/java/packages/lib:/usr/lib/x86_64-linux-gnu/jni:/lib/x86_64-linux-gnu:/usr/lib/x86_64-linux-gnu:/usr/lib/jni:/lib:/usr/lib"/>
    <property name="maven.conf" value="/usr/share/maven/conf"/>
    <property name="jdk.debug" value="release"/>
    <property name="java.class.version" value="55.0"/>
    <property name="java.specification.name" value="Java Platform API Specification"/>
    <property name="sun.management.compiler" value="HotSpot 64-Bit Tiered Compilers"/>
    <property name="os.version" value="5.10.162+"/>
    <property name="library.jansi.path" value="/usr/share/maven/lib/jansi-native"/>
    <property name="user.home" value="/home/coder"/>
    <property name="user.timezone" value="Etc/UTC"/>
    <property name="java.awt.printerjob" value="sun.print.PSPrinterJob"/>
    <property name="file.encoding" value="UTF-8"/>
    <property name="java.specification.version" value="11"/>
    <property name="user.name" value="coder"/>
    <property name="java.class.path" value="/usr/share/maven/boot/plexus-classworlds-2.x.jar"/>
    <property name="java.vm.specification.version" value="11"/>
    <property name="sun.arch.data.model" value="64"/>
    <property name="sun.java.command" value="org.codehaus.plexus.classworlds.launcher.Launcher clean test"/>
    <property name="java.home" value="/usr/lib/jvm/java-11-openjdk-amd64"/>
    <property name="user.language" value="en"/>
    <property name="java.specification.vendor" value="Oracle Corporation"/>
    <property name="awt.toolkit" value="sun.awt.X11.XToolkit"/>
    <property name="java.vm.info" value="mixed mode, sharing"/>
    <property name="java.version" value="11.0.18"/>
    <property name="java.vendor" value="Debian"/>
    <property name="maven.home" value="/usr/share/maven"/>
    <property name="file.separator" value="/"/>
    <property name="java.version.date" value="2023-01-17"/>
    <property name="java.vendor.url.bug" value="https://bugs.debian.org/openjdk-11"/>
    <property name="sun.io.unicode.encoding" value="UnicodeLittle"/>
    <property name="sun.cpu.endian" value="little"/>
    <property name="sun.cpu.isalist" value=""/>
  </properties>
  <testcase classname="Scenario: Successful login with valid credentials" name="Given admin launch the browser" time="0.002"/>
  <testcase classname="Scenario: Successful login with valid credentials" name="When admin is on the Car Rental page" time="0.005">
    <skipped/>
  </testcase>
  <testcase classname="Scenario: Successful login with valid credentials" name="And admin clicks on Admin module" time="0.005">
    <skipped/>
  </testcase>
  <testcase classname="Scenario: Successful login with valid credentials" name="Then admin navigates to sign in page" time="0.006">
    <skipped/>
  </testcase>
  <testcase classname="Scenario: Successful login with valid credentials" name="When admin enters a valid username and password" time="0.009">
    <skipped/>
    <system-out>
  Background:                            &amp;#27;[90m# src/test/resources/Features/Login.feature:3&amp;#27;[0m
    &amp;#27;[32mGiven &amp;#27;[0m&amp;#27;[32madmin launch the browser&amp;#27;[0m       &amp;#27;[90m# Stepdefinition.admin_launch_the_browser()&amp;#27;[0m
    &amp;#27;[33mWhen &amp;#27;[0m&amp;#27;[33madmin is on the Car Rental page&amp;#27;[0m
    &amp;#27;[33mAnd &amp;#27;[0m&amp;#27;[33madmin clicks on Admin module&amp;#27;[0m
    &amp;#27;[33mThen &amp;#27;[0m&amp;#27;[33madmin navigates to sign in page&amp;#27;[0m
</system-out>
  </testcase>
  <testcase classname="Scenario: Successful login with valid credentials" name="And admin click on the login button" time="0.01">
    <skipped/>
  </testcase>
  <testcase classname="Scenario: Successful login with valid credentials" name="Then admin should be logged in successfully" time="0.011">
    <skipped/>
  </testcase>
  <testcase classname="Scenario: Successful login with valid credentials" name="Scenario: Successful login with valid credentials" time="0.115">
    <skipped/>
  </testcase>
  <testcase classname="Scenario: Successful login with valid credentials" name="Scenario: Successful login with valid credentials" time="0.115"/>
  <testcase classname="| bunny | Test@12345 | Invalid Details |" name="Given admin launch the browser" time="0"/>
  <testcase classname="| bunny | Test@12345 | Invalid Details |" name="When admin is on the Car Rental page" time="0.001">
    <skipped/>
  </testcase>
  <testcase classname="| bunny | Test@12345 | Invalid Details |" name="And admin clicks on Admin module" time="0.002">
    <skipped/>
  </testcase>
  <testcase classname="| bunny | Test@12345 | Invalid Details |" name="Then admin navigates to sign in page" time="0.003">
    <skipped/>
  </testcase>
  <testcase classname="| bunny | Test@12345 | Invalid Details |" name="When admin enters invalid &quot;bunny&quot; and &quot;Test@12345&quot;" time="0.012">
    <skipped/>
    <system-out>
  Background:                            &amp;#27;[90m# src/test/resources/Features/Login.feature:3&amp;#27;[0m
    &amp;#27;[32mGiven &amp;#27;[0m&amp;#27;[32madmin launch the browser&amp;#27;[0m       &amp;#27;[90m# Stepdefinition.admin_launch_the_browser()&amp;#27;[0m
    &amp;#27;[33mWhen &amp;#27;[0m&amp;#27;[33madmin is on the Car Rental page&amp;#27;[0m
    &amp;#27;[33mAnd &amp;#27;[0m&amp;#27;[33madmin clicks on Admin module&amp;#27;[0m
    &amp;#27;[33mThen &amp;#27;[0m&amp;#27;[33madmin navigates to sign in page&amp;#27;[0m
</system-out>
  </testcase>
  <testcase classname="| bunny | Test@12345 | Invalid Details |" name="And admin click on the login button" time="0.013">
    <skipped/>
  </testcase>
  <testcase classname="| bunny | Test@12345 | Invalid Details |" name="Then admin should see an error message indicating &quot;Invalid Details&quot;" time="0.015">
    <skipped/>
  </testcase>
  <testcase classname="| bunny | Test@12345 | Invalid Details |" name="| bunny | Test@12345 | Invalid Details |" time="0.127">
    <skipped/>
  </testcase>
  <testcase classname="| bunny | Test@12345 | Invalid Details |" name="| bunny | Test@12345 | Invalid Details |" time="0.127"/>
  <testcase classname="| admin | Test@12346 | Invalid Details |" name="Given admin launch the browser" time="0"/>
  <testcase classname="| admin | Test@12346 | Invalid Details |" name="When admin is on the Car Rental page" time="0.003">
    <skipped/>
  </testcase>
  <testcase classname="| admin | Test@12346 | Invalid Details |" name="And admin clicks on Admin module" time="0.003">
    <skipped/>
  </testcase>
  <testcase classname="| admin | Test@12346 | Invalid Details |" name="Then admin navigates to sign in page" time="0.004">
    <skipped/>
  </testcase>
  <testcase classname="| admin | Test@12346 | Invalid Details |" name="When admin enters invalid &quot;admin&quot; and &quot;Test@12346&quot;" time="0.005">
    <skipped/>
    <system-out>
  Background:                            &amp;#27;[90m# src/test/resources/Features/Login.feature:3&amp;#27;[0m
    &amp;#27;[32mGiven &amp;#27;[0m&amp;#27;[32madmin launch the browser&amp;#27;[0m       &amp;#27;[90m# Stepdefinition.admin_launch_the_browser()&amp;#27;[0m
    &amp;#27;[33mWhen &amp;#27;[0m&amp;#27;[33madmin is on the Car Rental page&amp;#27;[0m
    &amp;#27;[33mAnd &amp;#27;[0m&amp;#27;[33madmin clicks on Admin module&amp;#27;[0m
    &amp;#27;[33mThen &amp;#27;[0m&amp;#27;[33madmin navigates to sign in page&amp;#27;[0m
</system-out>
  </testcase>
  <testcase classname="| admin | Test@12346 | Invalid Details |" name="And admin click on the login button" time="0.005">
    <skipped/>
  </testcase>
  <testcase classname="| admin | Test@12346 | Invalid Details |" name="Then admin should see an error message indicating &quot;Invalid Details&quot;" time="0.005">
    <skipped/>
  </testcase>
  <testcase classname="| admin | Test@12346 | Invalid Details |" name="| admin | Test@12346 | Invalid Details |" time="0.107">
    <skipped/>
  </testcase>
  <testcase classname="| admin | Test@12346 | Invalid Details |" name="| admin | Test@12346 | Invalid Details |" time="0.108"/>
  <testcase classname="| bunny | Test@12347 | Invalid Details |" name="Given admin launch the browser" time="0"/>
  <testcase classname="| bunny | Test@12347 | Invalid Details |" name="When admin is on the Car Rental page" time="0.001">
    <skipped/>
  </testcase>
  <testcase classname="| bunny | Test@12347 | Invalid Details |" name="And admin clicks on Admin module" time="0.001">
    <skipped/>
  </testcase>
  <testcase classname="| bunny | Test@12347 | Invalid Details |" name="Then admin navigates to sign in page" time="0.002">
    <skipped/>
  </testcase>
  <testcase classname="| bunny | Test@12347 | Invalid Details |" name="When admin enters invalid &quot;bunny&quot; and &quot;Test@12347&quot;" time="0.006">
    <skipped/>
    <system-out>
  Background:                            &amp;#27;[90m# src/test/resources/Features/Login.feature:3&amp;#27;[0m
    &amp;#27;[32mGiven &amp;#27;[0m&amp;#27;[32madmin launch the browser&amp;#27;[0m       &amp;#27;[90m# Stepdefinition.admin_launch_the_browser()&amp;#27;[0m
    &amp;#27;[33mWhen &amp;#27;[0m&amp;#27;[33madmin is on the Car Rental page&amp;#27;[0m
    &amp;#27;[33mAnd &amp;#27;[0m&amp;#27;[33madmin clicks on Admin module&amp;#27;[0m
    &amp;#27;[33mThen &amp;#27;[0m&amp;#27;[33madmin navigates to sign in page&amp;#27;[0m
</system-out>
  </testcase>
  <testcase classname="| bunny | Test@12347 | Invalid Details |" name="And admin click on the login button" time="0.006">
    <skipped/>
  </testcase>
  <testcase classname="| bunny | Test@12347 | Invalid Details |" name="Then admin should see an error message indicating &quot;Invalid Details&quot;" time="0.006">
    <skipped/>
  </testcase>
  <testcase classname="| bunny | Test@12347 | Invalid Details |" name="| bunny | Test@12347 | Invalid Details |" time="0.147">
    <skipped/>
  </testcase>
  <testcase classname="| bunny | Test@12347 | Invalid Details |" name="| bunny | Test@12347 | Invalid Details |" time="0.147"/>
  <testcase classname="|  |  | Invalid Details |" name="Given admin launch the browser" time="0"/>
  <testcase classname="|  |  | Invalid Details |" name="When admin is on the Car Rental page" time="0.001">
    <skipped/>
  </testcase>
  <testcase classname="|  |  | Invalid Details |" name="And admin clicks on Admin module" time="0.002">
    <skipped/>
  </testcase>
  <testcase classname="|  |  | Invalid Details |" name="Then admin navigates to sign in page" time="0.002">
    <skipped/>
  </testcase>
  <testcase classname="|  |  | Invalid Details |" name="When admin enters invalid &quot;&quot; and &quot;&quot;" time="0.006">
    <skipped/>
    <system-out>
  Background:                            &amp;#27;[90m# src/test/resources/Features/Login.feature:3&amp;#27;[0m
    &amp;#27;[32mGiven &amp;#27;[0m&amp;#27;[32madmin launch the browser&amp;#27;[0m       &amp;#27;[90m# Stepdefinition.admin_launch_the_browser()&amp;#27;[0m
    &amp;#27;[33mWhen &amp;#27;[0m&amp;#27;[33madmin is on the Car Rental page&amp;#27;[0m
    &amp;#27;[33mAnd &amp;#27;[0m&amp;#27;[33madmin clicks on Admin module&amp;#27;[0m
    &amp;#27;[33mThen &amp;#27;[0m&amp;#27;[33madmin navigates to sign in page&amp;#27;[0m
</system-out>
  </testcase>
  <testcase classname="|  |  | Invalid Details |" name="And admin click on the login button" time="0.006">
    <skipped/>
  </testcase>
  <testcase classname="|  |  | Invalid Details |" name="Then admin should see an error message indicating &quot;Invalid Details&quot;" time="0.007">
    <skipped/>
  </testcase>
  <testcase classname="|  |  | Invalid Details |" name="|  |  | Invalid Details |" time="0.133">
    <skipped/>
  </testcase>
  <testcase classname="|  |  | Invalid Details |" name="|  |  | Invalid Details |" time="0.133"/>
  <testcase classname="Scenario: Navigating to the back to home page" name="Given admin launch the browser" time="0"/>
  <testcase classname="Scenario: Navigating to the back to home page" name="When admin is on the Car Rental page" time="0.001">
    <skipped/>
  </testcase>
  <testcase classname="Scenario: Navigating to the back to home page" name="And admin clicks on Admin module" time="0.001">
    <skipped/>
  </testcase>
  <testcase classname="Scenario: Navigating to the back to home page" name="Then admin navigates to sign in page" time="0.002">
    <skipped/>
  </testcase>
  <testcase classname="Scenario: Navigating to the back to home page" name="When admin click on the &quot;Back to Home&quot; link" time="0.004">
    <skipped/>
    <system-out>
  Background:                            &amp;#27;[90m# src/test/resources/Features/Login.feature:3&amp;#27;[0m
    &amp;#27;[32mGiven &amp;#27;[0m&amp;#27;[32madmin launch the browser&amp;#27;[0m       &amp;#27;[90m# Stepdefinition.admin_launch_the_browser()&amp;#27;[0m
    &amp;#27;[33mWhen &amp;#27;[0m&amp;#27;[33madmin is on the Car Rental page&amp;#27;[0m
    &amp;#27;[33mAnd &amp;#27;[0m&amp;#27;[33madmin clicks on Admin module&amp;#27;[0m
    &amp;#27;[33mThen &amp;#27;[0m&amp;#27;[33madmin navigates to sign in page&amp;#27;[0m
</system-out>
  </testcase>
  <testcase classname="Scenario: Navigating to the back to home page" name="Then admin should be redirected to the home page" time="0.004">
    <skipped/>
  </testcase>
  <testcase classname="Scenario: Navigating to the back to home page" name="Scenario: Navigating to the back to home page" time="0.126">
    <skipped/>
  </testcase>
  <testcase classname="Scenario: Navigating to the back to home page" name="Scenario: Navigating to the back to home page" time="0.126"/>
</testsuite>